0 info it worked if it ends with ok
1 verbose cli [ 'D:\\Program Files\\nodejs\\node.exe',
1 verbose cli   'C:\\Users\\PredatorPy\\AppData\\Roaming\\npm\\node_modules\\npm\\bin\\npm-cli.js',
1 verbose cli   'start' ]
2 info using npm@3.10.6
3 info using node@v6.9.2
4 verbose run-script [ 'prestart', 'start', 'poststart' ]
5 info lifecycle esm_fb_res@1.0.0~prestart: esm_fb_res@1.0.0
6 silly lifecycle esm_fb_res@1.0.0~prestart: no script for prestart, continuing
7 info lifecycle esm_fb_res@1.0.0~start: esm_fb_res@1.0.0
8 verbose lifecycle esm_fb_res@1.0.0~start: unsafe-perm in lifecycle true
9 verbose lifecycle esm_fb_res@1.0.0~start: PATH: C:\Users\PredatorPy\AppData\Roaming\npm\node_modules\npm\bin\node-gyp-bin;D:\plusplus\meanstack\esm_app\esm_fb_res\node_modules\.bin;C:\Program Files\Docker\Docker\Resources\bin;C:\Program Files (x86)\ActiveState Komodo Edit 10\;C:\Program Files\Python34\Lib\site-packages\PyQt4;C:\Program Files (x86)\Python\Lib\site-packages\PyQt5;C:\ProgramData\Oracle\Java\javapath;C:\Windows\system32;C:\Windows;C:\Windows\System32\Wbem;C:\Windows\System32\WindowsPowerShell\v1.0\;C:\Program Files (x86)\NVIDIA Corporation\PhysX\Common;C:\Program Files (x86)\QuickTime\QTSystem\;C:\Program Files (x86)\Skype\Phone\;C:\Program Files\Microsoft SQL Server\110\Tools\Binn\;C:\Program Files\Microsoft SQL Server\120\Tools\Binn\;C:\Program Files (x86)\GtkSharp\2.12\bin;C:\Program Files\Python34;C:\Program Files\Python34\Scripts;C:\Program Files\Java\jdk1.8.0_65\bin;C:\Program Files\OpenSSL-Win32\bin;%D3DGEARPATH%;c:\program files\d3dgear;D:\Program Files\OpenVPN\bin;C:\Program Files (x86)\Python27;C:\WINDOWS\system32;C:\WINDOWS;C:\WINDOWS\System32\Wbem;C:\WINDOWS\System32\WindowsPowerShell\v1.0\;C:\Users\PredatorPy\AppData\Roaming\npm;D:\xampp\php;C:\ProgramData\ComposerSetup\bin;D:\Program Files (x86)\BaseX\bin;C:\Program Files (x86)\Windows Kits\10\Windows Performance Toolkit\;D:\Program Files\nodejs\;C:\Program Files (x86)\Microsoft Emulator Manager\1.0\;C:\Compiler\MinGW\bin;D:\Program Files\MongoDB\Server\3.2\bin;C:\Users\PredatorPy\AppData\Roaming\Composer\vendor\bin;D:\plusplus\webpy\py34env\Scripts;C:\Program Files\Git\cmd;D:\Program Files (x86)\Microsoft VS Code\bin;C:\Users\PredatorPy\AppData\Roaming\npm;C:\Program Files (x86)\Vim\vim80
10 verbose lifecycle esm_fb_res@1.0.0~start: CWD: D:\plusplus\meanstack\esm_app\esm_fb_res
11 silly lifecycle esm_fb_res@1.0.0~start: Args: [ '/d /s /c', 'node server.js' ]
12 silly lifecycle esm_fb_res@1.0.0~start: Returned: code: 1  signal: null
13 info lifecycle esm_fb_res@1.0.0~start: Failed to exec start script
14 verbose stack Error: esm_fb_res@1.0.0 start: `node server.js`
14 verbose stack Exit status 1
14 verbose stack     at EventEmitter.<anonymous> (C:\Users\PredatorPy\AppData\Roaming\npm\node_modules\npm\lib\utils\lifecycle.js:255:16)
14 verbose stack     at emitTwo (events.js:106:13)
14 verbose stack     at EventEmitter.emit (events.js:191:7)
14 verbose stack     at ChildProcess.<anonymous> (C:\Users\PredatorPy\AppData\Roaming\npm\node_modules\npm\lib\utils\spawn.js:40:14)
14 verbose stack     at emitTwo (events.js:106:13)
14 verbose stack     at ChildProcess.emit (events.js:191:7)
14 verbose stack     at maybeClose (internal/child_process.js:877:16)
14 verbose stack     at Process.ChildProcess._handle.onexit (internal/child_process.js:226:5)
15 verbose pkgid esm_fb_res@1.0.0
16 verbose cwd D:\plusplus\meanstack\esm_app\esm_fb_res
17 error Windows_NT 10.0.14393
18 error argv "D:\\Program Files\\nodejs\\node.exe" "C:\\Users\\PredatorPy\\AppData\\Roaming\\npm\\node_modules\\npm\\bin\\npm-cli.js" "start"
19 error node v6.9.2
20 error npm  v3.10.6
21 error code ELIFECYCLE
22 error esm_fb_res@1.0.0 start: `node server.js`
22 error Exit status 1
23 error Failed at the esm_fb_res@1.0.0 start script 'node server.js'.
23 error Make sure you have the latest version of node.js and npm installed.
23 error If you do, this is most likely a problem with the esm_fb_res package,
23 error not with npm itself.
23 error Tell the author that this fails on your system:
23 error     node server.js
23 error You can get information on how to open an issue for this project with:
23 error     npm bugs esm_fb_res
23 error Or if that isn't available, you can get their info via:
23 error     npm owner ls esm_fb_res
23 error There is likely additional logging output above.
24 verbose exit [ 1, true ]
